Build started 04/06/2016 18:15:53.
     1>Project "C:\Users\msa\Downloads\Quadcopter development\Codings\PIquad-RC\RX_receiver\RX_receiver.vcxproj" on node 2 (Build target(s)).
     1>ClCompile:
         C:\Program Files (x86)\Microsoft Visual Studio 12.0\VC\bin\CL.exe /c /I"C:\arduino-1.6.1-windows\arduino-1.6.1\hardware\arduino\avr\cores\arduino" /I"C:\arduino-1.6.1-windows\arduino-1.6.1\hardware\arduino\avr\variants\mega" /I"C:\Users\msa\Downloads\Quadcopter development\Codings\PIquad-RC\RX_receiver" /I"C:\arduino-1.6.1-windows\arduino-1.6.1\libraries" /I"C:\arduino-1.6.1-windows\arduino-1.6.1\hardware\arduino\avr\libraries" /I"C:\Program Files (x86)\Visual Micro\Visual Micro for Arduino\Micro Platforms\default\debuggers" /IC:\Users\msa\Documents\Arduino\libraries /I"c:\arduino-1.6.1-windows\arduino-1.6.1\hardware\tools\avr\avr\include\\" /I"c:\arduino-1.6.1-windows\arduino-1.6.1\hardware\tools\avr\avr\include\avr\\" /I"c:\arduino-1.6.1-windows\arduino-1.6.1\hardware\tools\avr\avr\\" /I"c:\arduino-1.6.1-windows\arduino-1.6.1\hardware\tools\avr\lib\gcc\avr\4.8.1\include\\" /ZI /nologo /W3 /WX- /sdl /Od /Oy- /D __AVR_ATmega2560__ /D ARDUINO=161 /D ARDUINO_MAIN /D __AVR__ /D __avr__ /D F_CPU=16000000L /D __cplusplus /D GCC_VERSION=40801 /D ARDUINO_ARCH_AVR /D ARDUINO_AVR_MEGA2560 /D _MBCS /X /Gm /EHsc /RTC1 /MDd /GS /fp:precise /Zc:wchar_t /Zc:forScope /Fo"Debug\\" /Fd"Debug\vc120.pdb" /Gd /TP /FI"C:\Users\msa\Documents\Arduino\RX_receiver\Visual Micro\.RX_receiver.vsarduino.h" /analyze- /errorReport:prompt RX.cpp communication.cpp os.cpp profiler.cpp
         profiler.cpp
     1>c1xx : warning C4117: macro name '__cplusplus' is reserved, '#define' ignored
     1>c:\users\msa\downloads\quadcopter development\codings\piquad-rc\rx_receiver\profiler.cpp : fatal error C1083: Cannot open include file: 'C:\Users\msa\Documents\Arduino\RX_receiver\Visual Micro\.RX_receiver.vsarduino.h': No such file or directory
         os.cpp
     1>c1xx : warning C4117: macro name '__cplusplus' is reserved, '#define' ignored
     1>c:\users\msa\downloads\quadcopter development\codings\piquad-rc\rx_receiver\os.cpp : fatal error C1083: Cannot open include file: 'C:\Users\msa\Documents\Arduino\RX_receiver\Visual Micro\.RX_receiver.vsarduino.h': No such file or directory
         communication.cpp
     1>c1xx : warning C4117: macro name '__cplusplus' is reserved, '#define' ignored
     1>c:\users\msa\downloads\quadcopter development\codings\piquad-rc\rx_receiver\communication.cpp : fatal error C1083: Cannot open include file: 'C:\Users\msa\Documents\Arduino\RX_receiver\Visual Micro\.RX_receiver.vsarduino.h': No such file or directory
         RX.cpp
     1>c1xx : warning C4117: macro name '__cplusplus' is reserved, '#define' ignored
     1>c:\users\msa\downloads\quadcopter development\codings\piquad-rc\rx_receiver\rx.cpp : fatal error C1083: Cannot open include file: 'C:\Users\msa\Documents\Arduino\RX_receiver\Visual Micro\.RX_receiver.vsarduino.h': No such file or directory
         Generating Code...
     1>Done Building Project "C:\Users\msa\Downloads\Quadcopter development\Codings\PIquad-RC\RX_receiver\RX_receiver.vcxproj" (Build target(s)) -- FAILED.

Build FAILED.

Time Elapsed 00:00:00.17
